
=== Sat Oct  5 08:05:04 2024

Packages were changed.
Update Mode: mergeDefaultDependencies

The following packages were added:
  com.unity.modules.ai@1.0.0
  com.unity.modules.androidjni@1.0.0
  com.unity.modules.animation@1.0.0
  com.unity.modules.assetbundle@1.0.0
  com.unity.modules.audio@1.0.0
  com.unity.modules.cloth@1.0.0
  com.unity.modules.director@1.0.0
  com.unity.modules.imageconversion@1.0.0
  com.unity.modules.imgui@1.0.0
  com.unity.modules.jsonserialize@1.0.0
  com.unity.modules.particlesystem@1.0.0
  com.unity.modules.physics@1.0.0
  com.unity.modules.physics2d@1.0.0
  com.unity.modules.screencapture@1.0.0
  com.unity.modules.terrain@1.0.0
  com.unity.modules.terrainphysics@1.0.0
  com.unity.modules.tilemap@1.0.0
  com.unity.modules.ui@1.0.0
  com.unity.modules.uielements@1.0.0
  com.unity.modules.umbra@1.0.0
  com.unity.modules.unityanalytics@1.0.0
  com.unity.modules.unitywebrequest@1.0.0
  com.unity.modules.unitywebrequestassetbundle@1.0.0
  com.unity.modules.unitywebrequestaudio@1.0.0
  com.unity.modules.unitywebrequesttexture@1.0.0
  com.unity.modules.unitywebrequestwww@1.0.0
  com.unity.modules.vehicles@1.0.0
  com.unity.modules.video@1.0.0
  com.unity.modules.vr@1.0.0
  com.unity.modules.wind@1.0.0
  com.unity.modules.xr@1.0.0
The following packages were updated:
  com.unity.collab-proxy from version 2.0.4 to 2.5.1
  com.unity.inputsystem from version 1.8.1 to 1.11.0
  com.unity.render-pipelines.universal from version 14.0.7 to 14.0.11
  com.unity.textmeshpro from version 3.0.6 to 3.0.7
  com.unity.timeline from version 1.7.4 to 1.7.6
  com.unity.visualscripting from version 1.8.0 to 1.9.4
  com.unity.xr.management from version 4.3.3 to 4.4.0
  com.unity.xr.openxr from version 1.8.2 to 1.12.1

=== Fri Oct 25 17:36:00 2024

Packages were changed.
Update Mode: updateDependencies

The following packages were updated:
  com.unity.textmeshpro from version 3.0.6 to 3.0.7
  com.unity.xr.hands from version 1.1.0 to 1.4.0
  com.unity.xr.interaction.toolkit from version 2.3.2 to 2.6.3
  com.unity.xr.management from version 4.3.3 to 4.4.0
  com.unity.xr.openxr from version 1.7.0 to 1.12.1

=== Fri Oct 25 17:36:00 2024

Packages were changed.
Update Mode: mergeDefaultDependencies

The following packages were added:
  com.unity.xr.hands@1.4.0
